
*** Running vivado
    with args -log mb_usb_ilmb_v10_2.vds -m64 -product Vivado -mode batch -messageDb vivado.pb -notrace -source mb_usb_ilmb_v10_2.tcl



****** Vivado v2022.2 (64-bit)
  **** SW Build 3671981 on Fri Oct 14 05:00:03 MDT 2022
  **** IP Build 3669848 on Fri Oct 14 08:30:02 MDT 2022
    ** Copyright 1986-2022 Xilinx, Inc. All Rights Reserved.

source mb_usb_ilmb_v10_2.tcl -notrace
create_project: Time (s): cpu = 00:00:05 ; elapsed = 00:00:07 . Memory (MB): peak = 400.637 ; gain = 59.691
INFO: [IP_Flow 19-234] Refreshing IP repositories
INFO: [IP_Flow 19-1700] Loaded user IP repository 'c:/Users/vimal/Downloads/RD_hdmi_ip2020/hdmi_tx_1.0'.
INFO: [IP_Flow 19-1700] Loaded user IP repository 'c:/ip_repo_backup/hdmi_text_controller_2_0'.
INFO: [IP_Flow 19-2313] Loaded Vivado IP repository 'C:/Xilinx/Vivado/2022.2/data/ip'.
INFO: [IP_Flow 19-6924] IPCACHE: Running cache check for IP inst: mb_usb_ilmb_v10_2
INFO: [IP_Flow 19-6922] IPCACHE: Exporting cached entry 8b859a7611e3417d to dir: C:/Users/vimal/Documents/ECE_385/final_project/final_project.runs/mb_usb_ilmb_v10_2_synth_1
INFO: [IP_Flow 19-6928] IPCACHE: copied cached file c:/Users/vimal/Documents/ECE_385/final_project/final_project.cache/ip/2022.2/8/b/8b859a7611e3417d/mb_usb_dlmb_v10_2.dcp to C:/Users/vimal/Documents/ECE_385/final_project/final_project.runs/mb_usb_ilmb_v10_2_synth_1/mb_usb_ilmb_v10_2.dcp.
INFO: [IP_Flow 19-6928] IPCACHE: copied cached file c:/Users/vimal/Documents/ECE_385/final_project/final_project.cache/ip/2022.2/8/b/8b859a7611e3417d/mb_usb_dlmb_v10_2_sim_netlist.v to C:/Users/vimal/Documents/ECE_385/final_project/final_project.runs/mb_usb_ilmb_v10_2_synth_1/mb_usb_ilmb_v10_2_sim_netlist.v.
INFO: [IP_Flow 19-6928] IPCACHE: copied cached file c:/Users/vimal/Documents/ECE_385/final_project/final_project.cache/ip/2022.2/8/b/8b859a7611e3417d/mb_usb_dlmb_v10_2_sim_netlist.vhdl to C:/Users/vimal/Documents/ECE_385/final_project/final_project.runs/mb_usb_ilmb_v10_2_synth_1/mb_usb_ilmb_v10_2_sim_netlist.vhdl.
INFO: [IP_Flow 19-6928] IPCACHE: copied cached file c:/Users/vimal/Documents/ECE_385/final_project/final_project.cache/ip/2022.2/8/b/8b859a7611e3417d/mb_usb_dlmb_v10_2_stub.v to C:/Users/vimal/Documents/ECE_385/final_project/final_project.runs/mb_usb_ilmb_v10_2_synth_1/mb_usb_ilmb_v10_2_stub.v.
INFO: [IP_Flow 19-6928] IPCACHE: copied cached file c:/Users/vimal/Documents/ECE_385/final_project/final_project.cache/ip/2022.2/8/b/8b859a7611e3417d/mb_usb_dlmb_v10_2_stub.vhdl to C:/Users/vimal/Documents/ECE_385/final_project/final_project.runs/mb_usb_ilmb_v10_2_synth_1/mb_usb_ilmb_v10_2_stub.vhdl.
INFO: [IP_Flow 19-4838] Using cached IP synthesis design for IP mb_usb_ilmb_v10_2, cache-ID = 8b859a7611e3417d.
INFO: [Common 17-206] Exiting Vivado at Sun Apr 19 22:36:54 2026...
